2014-04-13 12:52:24,469 INFO  - ------------------------------------------------------------------
2014-04-13 12:52:24,470 INFO  - Timereader: Start readers för: Vansbro Marathon 192.168.0.66/
2014-04-13 12:52:25,644 INFO  - Timereader: Reader id: 10
2014-04-13 12:52:42,219 INFO  - Timereader tag: 10 1 E2009037870201501130A0D5 Fri Jan 02 16:56:15 CET 1970 1
2014-04-13 12:52:43,667 INFO  - Timereader tag: 10 1 E2009037870201501130A0D5 Fri Jan 02 16:56:17 CET 1970 1
2014-04-13 12:52:45,264 INFO  - Timereader tag: 10 1 E2009037870201501130A0D5 Fri Jan 02 16:56:19 CET 1970 1
2014-04-13 12:52:46,761 INFO  - Timereader tag: 10 1 E2009037870201501130A0D5 Fri Jan 02 16:56:20 CET 1970 1
2014-04-13 12:52:48,362 INFO  - Timereader tag: 10 1 E2009037870201501130A0D5 Fri Jan 02 16:56:22 CET 1970 1
2014-04-13 12:53:19,110 INFO  - Timereader tag: 10 1 E2009037870201501130A0D5 Fri Jan 02 16:56:52 CET 1970 1
2014-04-13 12:53:20,612 INFO  - Timereader tag: 10 1 E2009037870201481130A0CD Fri Jan 02 16:56:54 CET 1970 1
2014-04-13 12:53:22,211 INFO  - Timereader tag: 10 1 E200905135120040151077C1 Fri Jan 02 16:56:56 CET 1970 1
2014-04-13 12:53:22,218 INFO  - Timereader tag: 10 1 100600000000000000000649 Fri Jan 02 16:56:56 CET 1970 1
2014-04-13 12:53:23,709 INFO  - Timereader tag: 10 1 100600000000000000000649 Fri Jan 02 16:56:57 CET 1970 1
2014-04-13 12:53:23,723 INFO  - Timereader tag: 10 1 E2009037870201481130A0CD Fri Jan 02 16:56:58 CET 1970 1
2014-04-13 12:53:25,310 INFO  - Timereader tag: 10 1 E200905135120040151077C1 Fri Jan 02 16:56:58 CET 1970 1
2014-04-13 12:53:26,811 INFO  - Timereader tag: 10 1 E2009037870201481130A0CD Fri Jan 02 16:57:01 CET 1970 4
2014-04-13 12:53:29,917 INFO  - Timereader tag: 10 1 E2009037870201481130A0CD Fri Jan 02 16:57:04 CET 1970 1
2014-04-13 12:53:31,419 INFO  - Timereader tag: 10 1 E2009037870201481130A0CD Fri Jan 02 16:57:05 CET 1970 1
2014-04-13 12:53:34,520 INFO  - Timereader tag: 10 1 E2009037870201481130A0CD Fri Jan 02 16:57:08 CET 1970 1
2014-04-13 13:07:16,781 INFO  - ------------------------------------------------------------------
2014-04-13 13:07:16,782 INFO  - Timereader: Start readers for: Vansbro Marathon 192.168.0.66/
2014-04-13 13:07:17,865 INFO  - Timereader: Reader id: 10
2014-04-13 13:08:31,831 INFO  - Timereader: Stopped readers: Vansbro Marathon
2014-04-13 16:31:59,816 INFO  - ------------------------------------------------------------------
2014-04-13 16:31:59,817 INFO  - Timereader: Start readers for: Vansbro Marathon 192.168.0.66/
2014-04-13 16:32:00,992 INFO  - Timereader: Reader id: 10
2014-04-13 16:32:34,525 INFO  - Timereader tag: 10 1 E2009037870201481130A0CD Fri Jan 02 20:36:09 CET 1970 4
2014-04-13 16:32:34,647 INFO  - Timereader tag: 10 1 E2009037870201501130A0D5 Fri Jan 02 20:36:09 CET 1970 1
2014-04-13 16:32:35,975 INFO  - Timereader tag: 10 1 E2009037870201501130A0D5 Fri Jan 02 20:36:10 CET 1970 1
2014-04-13 16:32:35,982 INFO  - Timereader tag: 10 1 E2009037870201481130A0CD Fri Jan 02 20:36:11 CET 1970 1
2014-04-13 16:32:37,569 INFO  - Timereader tag: 10 1 E2009037870201501130A0D5 Fri Jan 02 20:36:12 CET 1970 1
2014-04-13 16:32:45,697 INFO  - Timereader: Stopped readers: Vansbro Marathon
2014-04-13 18:10:14,194 INFO  - ------------------------------------------------------------------
2014-04-13 18:10:14,195 INFO  - Timereader: Start readers for: Vansbro Marathon 192.168.0.66/
2014-04-13 18:10:15,035 INFO  - Timereader: Reader id: 10
2014-04-13 18:10:16,185 INFO  - Timereader tag: 10 1 140100000000000000043466 Fri Jan 02 22:13:49 CET 1970 1
2014-04-13 18:10:17,733 INFO  - Timereader tag: 10 1 140100000000000000043466 Fri Jan 02 22:13:51 CET 1970 1
2014-04-13 18:10:19,232 INFO  - Timereader tag: 10 1 140100000000000000043466 Fri Jan 02 22:13:53 CET 1970 1
2014-04-13 18:10:22,291 INFO  - Timereader tag: 10 1 140100000000000000043466 Fri Jan 02 22:13:55 CET 1970 1
2014-04-13 18:10:25,400 INFO  - Timereader tag: 10 1 140100000000000000043466 Fri Jan 02 22:13:59 CET 1970 1
2014-04-13 18:10:26,901 INFO  - Timereader tag: 10 1 140100000000000000043466 Fri Jan 02 22:14:01 CET 1970 1
2014-04-13 18:10:30,011 INFO  - Timereader tag: 10 1 140100000000000000043466 Fri Jan 02 22:14:03 CET 1970 1
2014-04-13 18:10:31,510 INFO  - Timereader tag: 10 1 140100000000000000043466 Fri Jan 02 22:14:05 CET 1970 1
2014-04-13 18:10:34,611 INFO  - Timereader tag: 10 1 140100000000000000043466 Fri Jan 02 22:14:08 CET 1970 1
2014-04-13 18:10:36,211 INFO  - Timereader tag: 10 1 140100000000000000043466 Fri Jan 02 22:14:10 CET 1970 1
2014-04-13 18:10:37,710 INFO  - Timereader tag: 10 1 140100000000000000043466 Fri Jan 02 22:14:12 CET 1970 1
2014-04-13 18:11:05,917 INFO  - Timereader: Stopped readers: Vansbro Marathon
2014-04-13 18:12:20,539 INFO  - ------------------------------------------------------------------
2014-04-13 18:12:20,539 INFO  - Timereader: Start readers for: Vansbro Marathon 192.168.0.66/
2014-04-13 18:12:21,305 INFO  - Timereader: Reader id: 10
2014-04-13 18:12:22,892 INFO  - Timereader: Stopped readers: Vansbro Marathon
2014-04-13 18:12:45,639 INFO  - ------------------------------------------------------------------
2014-04-13 18:12:45,639 INFO  - Timereader: Start readers for: Vansbro Marathon 192.168.0.66/
2014-04-13 18:12:45,900 INFO  - Timereader: Reader id: 10
2014-04-13 18:12:56,331 INFO  - Timereader tag: 10 1 140100000000000000043466 Fri Jan 02 22:16:30 CET 1970 1
2014-04-13 18:12:57,782 INFO  - Timereader tag: 10 1 E2009037870201501130A0D5 Fri Jan 02 22:16:31 CET 1970 1
2014-04-13 18:12:57,788 INFO  - Timereader tag: 10 1 E2009037870201481130A0CD Fri Jan 02 22:16:31 CET 1970 2
2014-04-13 18:12:59,382 INFO  - Timereader tag: 10 1 E2009037870201501130A0D5 Fri Jan 02 22:16:32 CET 1970 1
2014-04-13 18:12:59,389 INFO  - Timereader tag: 10 1 E200905135120040151077C1 Fri Jan 02 22:16:32 CET 1970 1
2014-04-13 18:13:00,891 INFO  - Timereader tag: 10 1 E2009037870201481130A0CD Fri Jan 02 22:16:34 CET 1970 1
2014-04-13 18:13:00,899 INFO  - Timereader tag: 10 1 E2009037870201501130A0D5 Fri Jan 02 22:16:34 CET 1970 1
2014-04-13 18:13:02,392 INFO  - Timereader tag: 10 1 E2009037870201501130A0D5 Fri Jan 02 22:16:35 CET 1970 1
2014-04-13 18:13:12,128 INFO  - Timereader: Stopped readers: Vansbro Marathon
2014-04-14 18:25:43,952 INFO  - ------------------------------------------------------------------
2014-04-14 18:25:43,953 INFO  - Timereader: Start readers for: Vansbro Marathon 192.168.0.66/
2014-04-14 20:36:05,043 INFO  - ------------------------------------------------------------------
2014-04-14 20:36:05,043 INFO  - Timereader: Start readers for: Vansbro Marathon 192.168.0.66/
2014-04-14 20:36:06,000 INFO  - Timereader: Reader id: 10
2014-04-14 20:36:26,376 INFO  - Timereader: Stopped readers: Vansbro Marathon
2014-04-14 20:36:30,705 INFO  - ------------------------------------------------------------------
2014-04-14 20:36:30,705 INFO  - Timereader: Start readers for: Vansbro Marathon 192.168.0.66/
2014-04-14 20:36:30,951 INFO  - Timereader: Reader id: 10
2014-04-14 20:36:44,174 INFO  - Timereader: Stopped readers: Vansbro Marathon
2014-04-14 21:02:31,373 INFO  - ------------------------------------------------------------------
2014-04-14 21:02:31,374 INFO  - Timereader: Start readers for: Vansbro Marathon 192.168.0.66/
2014-04-14 21:02:33,895 INFO  - ------------------------------------------------------------------
2014-04-14 21:02:33,895 INFO  - Timereader: Start readers for: Vansbro Marathon 192.168.0.66/
2014-04-14 21:02:44,224 INFO  - ------------------------------------------------------------------
2014-04-14 21:02:44,224 INFO  - Timereader: Start readers for: Vansbro Marathon 192.168.0.66/
2014-04-18 21:49:26,776 INFO  - ------------------------------------------------------------------
2014-04-18 21:49:26,777 INFO  - Timereader: Start readers for: Vansbro Marathon 192.168.0.66/
2014-04-18 21:49:27,620 INFO  - Timereader: Reader id: 10
2014-04-18 21:50:25,781 INFO  - Timereader tag: 10 1 E2009037870201501130A0D5 Fri Apr 18 21:50:19 CEST 2014 1
2014-04-18 21:50:27,236 INFO  - Timereader tag: 10 1 E2009037870201481130A0CD Fri Apr 18 21:50:20 CEST 2014 1
2014-04-18 21:50:27,243 INFO  - Timereader tag: 10 1 E2009037870201501130A0D5 Fri Apr 18 21:50:20 CEST 2014 1
2014-04-18 21:50:28,836 INFO  - Timereader tag: 10 1 E2009037870201501130A0D5 Fri Apr 18 21:50:22 CEST 2014 1
2014-04-18 21:50:30,336 INFO  - Timereader tag: 10 1 E2009037870201481130A0CD Fri Apr 18 21:50:23 CEST 2014 1
2014-04-18 21:50:31,836 INFO  - Timereader tag: 10 1 E2009037870201501130A0D5 Fri Apr 18 21:50:24 CEST 2014 1
2014-04-18 21:50:33,439 INFO  - Timereader tag: 10 1 E2009037870201481130A0CD Fri Apr 18 21:50:26 CEST 2014 1
2014-04-18 21:50:33,451 INFO  - Timereader tag: 10 1 E2009037870201501130A0D5 Fri Apr 18 21:50:26 CEST 2014 1
2014-04-18 21:52:00,146 INFO  - Timereader: Stopped readers: Vansbro Marathon
2014-04-18 21:52:14,920 INFO  - ------------------------------------------------------------------
2014-04-18 21:52:14,920 INFO  - Timereader: Start readers for: Vansbro Marathon 192.168.0.66/
2014-04-18 21:52:15,173 INFO  - Timereader: Reader id: 10
2014-04-18 21:52:20,951 INFO  - Timereader tag: 10 1 E2009037870201501130A0D5 Fri Apr 18 21:52:14 CEST 2014 1
2014-04-18 21:52:20,963 INFO  - Timereader tag: 10 1 E2009037870201481130A0CD Fri Apr 18 21:52:14 CEST 2014 2
2014-04-18 21:52:22,447 INFO  - Timereader tag: 10 1 E2009037870201501130A0D5 Fri Apr 18 21:52:15 CEST 2014 1
2014-04-18 21:52:25,557 INFO  - Timereader tag: 10 1 E2009037870201501130A0D5 Fri Apr 18 21:52:18 CEST 2014 1
2014-04-18 21:52:27,057 INFO  - Timereader tag: 10 1 E2009037870201501130A0D5 Fri Apr 18 21:52:20 CEST 2014 1
2014-04-18 21:52:27,064 INFO  - Timereader tag: 10 1 E2009037870201481130A0CD Fri Apr 18 21:52:20 CEST 2014 1
2014-04-18 21:52:31,656 INFO  - Timereader tag: 10 1 E2009037870201501130A0D5 Fri Apr 18 21:52:24 CEST 2014 1
2014-04-18 21:52:33,257 INFO  - Timereader tag: 10 1 E2009037870201501130A0D5 Fri Apr 18 21:52:26 CEST 2014 1
2014-04-18 21:52:34,756 INFO  - Timereader tag: 10 1 E2009037870201501130A0D5 Fri Apr 18 21:52:28 CEST 2014 1
2014-04-18 21:52:37,866 INFO  - Timereader tag: 10 1 E2009037870201501130A0D5 Fri Apr 18 21:52:31 CEST 2014 1
2014-04-18 21:52:39,366 INFO  - Timereader tag: 10 1 E2009037870201501130A0D5 Fri Apr 18 21:52:33 CEST 2014 1
2014-04-18 21:53:19,903 INFO  - Timereader: Stopped readers: Vansbro Marathon
2014-04-23 19:38:59,255 INFO  - ------------------------------------------------------------------
2014-04-23 19:38:59,256 INFO  - Timereader: Start readers for: Vansbro Marathon 192.168.0.66/
2014-04-23 19:39:00,076 INFO  - Timereader: Reader id: 10
2014-04-23 19:39:10,541 INFO  - Timereader tag: 10 1 E2009037870201501130A0D5 Wed Apr 23 19:39:02 CEST 2014 1
2014-04-23 19:39:11,959 INFO  - Timereader tag: 10 1 E2009037870201501130A0D5 Wed Apr 23 19:39:04 CEST 2014 1
2014-04-23 19:40:04,322 INFO  - Timereader tag: 10 1 E2009037870201481130A0CD Wed Apr 23 19:39:56 CEST 2014 1
2014-04-23 19:40:37,129 INFO  - Timereader: Stopped readers: Vansbro Marathon
2014-04-23 19:52:44,918 INFO  - ------------------------------------------------------------------
2014-04-23 19:52:44,919 INFO  - Timereader: Start readers for: Vansbro Marathon 192.168.0.66/
2014-04-23 19:52:45,960 INFO  - Timereader: Reader id: 10
2014-04-23 19:52:51,784 INFO  - Timereader tag: 10 1 E2009037870201481130A0CD Wed Apr 23 19:52:44 CEST 2014 1
2014-04-23 19:53:14,757 INFO  - Timereader tag: 10 1 E2009037870201501130A0D5 Wed Apr 23 19:53:07 CEST 2014 1
2014-04-23 19:53:16,365 INFO  - Timereader tag: 10 1 E2009037870201501130A0D5 Wed Apr 23 19:53:08 CEST 2014 1
2014-04-23 19:53:25,573 INFO  - Timereader tag: 10 1 E2009037870201501130A0D5 Wed Apr 23 19:53:18 CEST 2014 1
2014-04-23 19:55:03,045 INFO  - Timereader: Stopped readers: Vansbro Marathon
2014-04-23 19:55:03,205 INFO  - ------------------------------------------------------------------
2014-04-23 19:55:03,205 INFO  - Timereader: Start readers for: Vansbro Marathon 192.168.0.66/
2014-04-23 19:55:03,464 INFO  - Timereader: Reader id: 10
2014-04-23 19:55:05,054 INFO  - Timereader: Stopped readers: Vansbro Marathon
2014-04-23 19:58:10,463 INFO  - ------------------------------------------------------------------
2014-04-23 19:58:10,464 INFO  - Timereader: Start readers for: Vansbro Marathon 192.168.0.66/
2014-04-23 19:58:11,274 INFO  - Timereader: Reader id: 10
2014-04-23 19:58:18,614 INFO  - Timereader tag: 10 1 E2009037870201501130A0D5 Wed Apr 23 19:58:11 CEST 2014 1
2014-04-23 19:58:20,066 INFO  - Timereader tag: 10 1 E2009037870201501130A0D5 Wed Apr 23 19:58:12 CEST 2014 1
2014-04-23 19:58:21,672 INFO  - Timereader tag: 10 1 E2009037870201501130A0D5 Wed Apr 23 19:58:14 CEST 2014 1
2014-04-23 19:58:32,384 INFO  - Timereader tag: 10 1 E2009037870201501130A0D5 Wed Apr 23 19:58:25 CEST 2014 1
2014-04-23 19:58:35,483 INFO  - Timereader tag: 10 1 E2009037870201501130A0D5 Wed Apr 23 19:58:27 CEST 2014 1
2014-04-23 19:58:36,983 INFO  - Timereader tag: 10 1 E2009037870201501130A0D5 Wed Apr 23 19:58:29 CEST 2014 1
2014-04-23 19:58:38,583 INFO  - Timereader tag: 10 1 E2009037870201501130A0D5 Wed Apr 23 19:58:30 CEST 2014 1
2014-04-23 20:03:10,034 INFO  - Timereader: Stopped readers: Vansbro Marathon
2014-04-23 20:03:15,255 INFO  - ------------------------------------------------------------------
2014-04-23 20:03:15,255 INFO  - Timereader: Start readers for: Vansbro Marathon 192.168.0.66/
2014-04-23 20:03:15,498 INFO  - Timereader tag: 10 1 E2009037870201481130A0CD Wed Apr 23 20:01:57 CEST 2014 1
2014-04-23 20:03:15,509 INFO  - Timereader: Reader id: 10
2014-04-23 20:03:15,511 INFO  - Timereader tag: 10 1 E2009037870201501130A0D5 Wed Apr 23 20:02:29 CEST 2014 2
2014-04-23 20:04:08,932 INFO  - Timereader tag: 10 1 E2009037870201481130A0CD Wed Apr 23 20:04:01 CEST 2014 1
2014-04-23 20:04:21,251 INFO  - Timereader tag: 10 1 E2009037870201501130A0D5 Wed Apr 23 20:04:13 CEST 2014 1
2014-04-23 20:04:22,851 INFO  - Timereader tag: 10 1 E2009037870201501130A0D5 Wed Apr 23 20:04:15 CEST 2014 1
2014-04-23 20:04:24,350 INFO  - Timereader tag: 10 1 E2009037870201501130A0D5 Wed Apr 23 20:04:17 CEST 2014 1
2014-04-23 20:04:53,568 INFO  - Timereader tag: 10 1 E2009037870201481130A0CD Wed Apr 23 20:04:45 CEST 2014 1
2014-04-23 20:04:56,668 INFO  - Timereader tag: 10 1 E2009037870201481130A0CD Wed Apr 23 20:04:48 CEST 2014 1
2014-04-23 20:05:30,615 INFO  - Timereader tag: 10 1 A1D5C181E10EC616EA3E0002039F00F82C076063 Wed Apr 23 20:05:23 CEST 2014 1
2014-04-23 20:06:45,991 INFO  - Timereader tag: 10 1 E2009037870201481130A0CD Wed Apr 23 20:06:38 CEST 2014 1
2014-04-23 20:06:49,091 INFO  - Timereader tag: 10 1 E2009037870201481130A0CD Wed Apr 23 20:06:41 CEST 2014 2
2014-04-23 20:14:00,751 INFO  - Timereader: Stopped readers: Vansbro Marathon
2014-04-23 20:19:58,084 INFO  - ------------------------------------------------------------------
2014-04-23 20:19:58,085 INFO  - Timereader: Start readers for: Vansbro Marathon 192.168.0.66/
2014-04-23 20:19:58,915 INFO  - Timereader: Reader id: 10
2014-04-23 20:20:07,735 INFO  - Timereader tag: 10 1 E2009037870201481130A0CD Wed Apr 23 20:19:59 CEST 2014 1
2014-04-23 20:20:10,798 INFO  - Timereader tag: 10 1 E2009037870201481130A0CD Wed Apr 23 20:20:02 CEST 2014 1
2014-04-23 20:20:21,605 INFO  - Timereader tag: 10 1 E2009037870201501130A0D5 Wed Apr 23 20:20:14 CEST 2014 1
2014-04-23 20:20:23,104 INFO  - Timereader tag: 10 1 E2009037870201501130A0D5 Wed Apr 23 20:20:15 CEST 2014 1
2014-04-23 20:20:59,010 INFO  - Timereader: Stopped readers: Vansbro Marathon
2014-04-23 20:26:36,237 INFO  - ------------------------------------------------------------------
2014-04-23 20:26:36,237 INFO  - Timereader: Start readers for: Vansbro Marathon 192.168.0.66/
2014-04-23 20:26:37,081 INFO  - Timereader: Reader id: 10
2014-04-23 20:26:45,990 INFO  - Timereader tag: 10 1 E2009037870201501130A0D5 Wed Apr 23 20:26:37 CEST 2014 1
2014-04-23 20:26:47,452 INFO  - Timereader tag: 10 1 E2009037870201501130A0D5 Wed Apr 23 20:26:39 CEST 2014 1
2014-04-23 20:26:52,060 INFO  - Timereader tag: 10 1 E2009037870201481130A0CD Wed Apr 23 20:26:44 CEST 2014 1
2014-04-23 20:26:55,159 INFO  - Timereader tag: 10 1 E2009037870201481130A0CD Wed Apr 23 20:26:47 CEST 2014 1
2014-04-23 20:30:12,695 INFO  - Timereader: Stopped readers: Vansbro Marathon
2014-05-04 20:42:23,112 INFO  - ------------------------------------------------------------------
2014-05-04 20:42:23,113 INFO  - Timereader: Start readers for: Vansbro Marathon 192.168.0.66/
2014-10-19 21:02:39,480 INFO  - ------------------------------------------------------------------
2014-10-19 21:02:39,480 INFO  - Timereader: Start readers for: Vansbro Marathon 192.168.0.66/
